(0000) 3000  0011000000000000 (   1)                 .ORIG x3000
(3000) 54A0  0101010010100000 (  11)                 AND   R2 R2 #0
(3001) 56E0  0101011011100000 (  12)                 AND   R3 R3 #0
(3002) E013  1110000000010011 (  16)                 LEA   R0 TYPE
(3003) F022  1111000000100010 (  17)                 TRAP  x22
(3004) F020  1111000000100000 (  18)                 TRAP  x20
(3005) F021  1111000000100001 (  19)                 TRAP  x21
(3006) E062  1110000001100010 (  20)                 LEA   R0 NEWLINE
(3007) F022  1111000000100010 (  21)                 TRAP  x22
(3008) E024  1110000000100100 (  24)                 LEA   R0 KEY
(3009) F022  1111000000100010 (  25)                 TRAP  x22
(300A) F020  1111000000100000 (  27)                 TRAP  x20
(300B) F021  1111000000100001 (  28)                 TRAP  x21
(300C) 265F  0010011001011111 (  30)                 LD    R3 NEGASCI
(300D) 16C0  0001011011000000 (  31)                 ADD   R3 R3 R0
(300E) E05A  1110000001011010 (  33)                 LEA   R0 NEWLINE
(300F) F022  1111000000100010 (  34)                 TRAP  x22
(3010) B85A  1011100001011010 (  38)                 STI   R4 KEYLOC
(3011) E037  1110000000110111 (  44)                 LEA   R0 MSG
(3012) F022  1111000000100010 (  45)                 TRAP  x22
(3013) E055  1110000001010101 (  47)                 LEA   R0 NEWLINE
(3014) F022  1111000000100010 (  48)                 TRAP  x22
(3015) F025  1111000000100101 (  52)                 TRAP  x25
(3016) 0028  0000000000101000 (  60) TYPE            .FILL x0028
(3017) 0045  0000000001000101 (  60)                 .FILL x0045
(3018) 0029  0000000000101001 (  60)                 .FILL x0029
(3019) 006E  0000000001101110 (  60)                 .FILL x006E
(301A) 0063  0000000001100011 (  60)                 .FILL x0063
(301B) 0072  0000000001110010 (  60)                 .FILL x0072
(301C) 0079  0000000001111001 (  60)                 .FILL x0079
(301D) 0070  0000000001110000 (  60)                 .FILL x0070
(301E) 0074  0000000001110100 (  60)                 .FILL x0074
(301F) 002F  0000000000101111 (  60)                 .FILL x002F
(3020) 0020  0000000000100000 (  60)                 .FILL x0020
(3021) 0028  0000000000101000 (  60)                 .FILL x0028
(3022) 0044  0000000001000100 (  60)                 .FILL x0044
(3023) 0029  0000000000101001 (  60)                 .FILL x0029
(3024) 0065  0000000001100101 (  60)                 .FILL x0065
(3025) 0063  0000000001100011 (  60)                 .FILL x0063
(3026) 0072  0000000001110010 (  60)                 .FILL x0072
(3027) 0079  0000000001111001 (  60)                 .FILL x0079
(3028) 0070  0000000001110000 (  60)                 .FILL x0070
(3029) 0074  0000000001110100 (  60)                 .FILL x0074
(302A) 003A  0000000000111010 (  60)                 .FILL x003A
(302B) 0020  0000000000100000 (  60)                 .FILL x0020
(302C) 0000  0000000000000000 (  60)                 .FILL x0000
(302D) 0045  0000000001000101 (  61) KEY             .FILL x0045
(302E) 006E  0000000001101110 (  61)                 .FILL x006E
(302F) 0074  0000000001110100 (  61)                 .FILL x0074
(3030) 0065  0000000001100101 (  61)                 .FILL x0065
(3031) 0072  0000000001110010 (  61)                 .FILL x0072
(3032) 0020  0000000000100000 (  61)                 .FILL x0020
(3033) 0065  0000000001100101 (  61)                 .FILL x0065
(3034) 006E  0000000001101110 (  61)                 .FILL x006E
(3035) 0063  0000000001100011 (  61)                 .FILL x0063
(3036) 0072  0000000001110010 (  61)                 .FILL x0072
(3037) 0070  0000000001110000 (  61)                 .FILL x0070
(3038) 0079  0000000001111001 (  61)                 .FILL x0079
(3039) 0074  0000000001110100 (  61)                 .FILL x0074
(303A) 0069  0000000001101001 (  61)                 .FILL x0069
(303B) 006F  0000000001101111 (  61)                 .FILL x006F
(303C) 006E  0000000001101110 (  61)                 .FILL x006E
(303D) 0020  0000000000100000 (  61)                 .FILL x0020
(303E) 006B  0000000001101011 (  61)                 .FILL x006B
(303F) 0065  0000000001100101 (  61)                 .FILL x0065
(3040) 0079  0000000001111001 (  61)                 .FILL x0079
(3041) 0028  0000000000101000 (  61)                 .FILL x0028
(3042) 0031  0000000000110001 (  61)                 .FILL x0031
(3043) 002D  0000000000101101 (  61)                 .FILL x002D
(3044) 0039  0000000000111001 (  61)                 .FILL x0039
(3045) 0029  0000000000101001 (  61)                 .FILL x0029
(3046) 003A  0000000000111010 (  61)                 .FILL x003A
(3047) 0020  0000000000100000 (  61)                 .FILL x0020
(3048) 0000  0000000000000000 (  61)                 .FILL x0000
(3049) 0045  0000000001000101 (  62) MSG             .FILL x0045
(304A) 006E  0000000001101110 (  62)                 .FILL x006E
(304B) 0074  0000000001110100 (  62)                 .FILL x0074
(304C) 0065  0000000001100101 (  62)                 .FILL x0065
(304D) 0072  0000000001110010 (  62)                 .FILL x0072
(304E) 0020  0000000000100000 (  62)                 .FILL x0020
(304F) 006D  0000000001101101 (  62)                 .FILL x006D
(3050) 0065  0000000001100101 (  62)                 .FILL x0065
(3051) 0073  0000000001110011 (  62)                 .FILL x0073
(3052) 0073  0000000001110011 (  62)                 .FILL x0073
(3053) 0061  0000000001100001 (  62)                 .FILL x0061
(3054) 0067  0000000001100111 (  62)                 .FILL x0067
(3055) 0065  0000000001100101 (  62)                 .FILL x0065
(3056) 0020  0000000000100000 (  62)                 .FILL x0020
(3057) 0028  0000000000101000 (  62)                 .FILL x0028
(3058) 0032  0000000000110010 (  62)                 .FILL x0032
(3059) 0030  0000000000110000 (  62)                 .FILL x0030
(305A) 0020  0000000000100000 (  62)                 .FILL x0020
(305B) 0063  0000000001100011 (  62)                 .FILL x0063
(305C) 0068  0000000001101000 (  62)                 .FILL x0068
(305D) 0061  0000000001100001 (  62)                 .FILL x0061
(305E) 0072  0000000001110010 (  62)                 .FILL x0072
(305F) 0020  0000000000100000 (  62)                 .FILL x0020
(3060) 006C  0000000001101100 (  62)                 .FILL x006C
(3061) 0069  0000000001101001 (  62)                 .FILL x0069
(3062) 006D  0000000001101101 (  62)                 .FILL x006D
(3063) 0069  0000000001101001 (  62)                 .FILL x0069
(3064) 0074  0000000001110100 (  62)                 .FILL x0074
(3065) 0029  0000000000101001 (  62)                 .FILL x0029
(3066) 003A  0000000000111010 (  62)                 .FILL x003A
(3067) 0020  0000000000100000 (  62)                 .FILL x0020
(3068) 0000  0000000000000000 (  62)                 .FILL x0000
(3069) 000A  0000000000001010 (  63) NEWLINE         .FILL x000A
(306A) 0000  0000000000000000 (  63)                 .FILL x0000
(306B) 3101  0011000100000001 (  64) KEYLOC          .FILL x3101
(306C) FFD0  1111111111010000 (  65) NEGASCI         .FILL xFFD0
